生成启动时间为 2018/9/22 13:13:49。
     1>项目“F:\project\cvdemo2\cvdemo\cvdemo.vcxproj”在节点 2 上(build 个目标)。
     1>InitializeBuildStatus:
         正在创建“Debug\cvdemo.unsuccessfulbuild”，因为已指定“AlwaysCreate”。
       ClCompile:
         所有输出均为最新。
         C:\Program Files (x86)\Microsoft Visual Studio 10.0\VC\bin\CL.exe /c /ZI /nologo /W3 /WX- /Od /Oy- /D WIN32 /D _DEBUG /D _CONSOLE /D _UNICODE /D UNICODE /Gm /EHsc /RTC1 /MDd /GS /fp:precise /Zc:wchar_t /Zc:forScope /Yu"StdAfx.h" /Fp"Debug\cvdemo.pch" /Fo"Debug\\" /Fd"Debug\vc100.pdb" /Gd /TP /analyze- /errorReport:prompt cvdemo.cpp
         cvdemo.cpp
     1>f:\project\cvdemo2\cvdemo\loadbmp.h(25): warning C4081: 应输入“标识符”；找到“(”
     1>f:\project\cvdemo2\cvdemo\loadbmp.h(41): warning C4081: 应输入“标识符”；找到“(”
     1>f:\project\cvdemo2\cvdemo\cvdemo.cpp(4): warning C4103: “f:\project\cvdemo2\cvdemo\cvdemo.cpp”: 包括标题后更改了对齐方式，可能是由于缺少 #pragma pack(pop)
     1>f:\project\cvdemo2\cvdemo\cvdemo.cpp(9): warning C4018: “<”: 有符号/无符号不匹配
     1>f:\project\cvdemo2\cvdemo\cvdemo.cpp(56): warning C4018: “<”: 有符号/无符号不匹配
     1>f:\project\cvdemo2\cvdemo\cvdemo.cpp(74): warning C4018: “<”: 有符号/无符号不匹配
     1>f:\project\cvdemo2\cvdemo\cvdemo.cpp(76): warning C4018: “<”: 有符号/无符号不匹配
         所有输出均为最新。
       ManifestResourceCompile:
         所有输出均为最新。
       Link:
         C:\Program Files (x86)\Microsoft Visual Studio 10.0\VC\bin\link.exe /ERRORREPORT:PROMPT /OUT:"F:\project\cvdemo2\Debug\cvdemo.exe" /INCREMENTAL /NOLOGO kernel32.lib user32.lib gdi32.lib winspool.lib comdlg32.lib advapi32.lib shell32.lib ole32.lib oleaut32.lib uuid.lib odbc32.lib odbccp32.lib /MANIFEST /ManifestFile:"Debug\cvdemo.exe.intermediate.manifest" /MANIFESTUAC:"level='asInvoker' uiAccess='false'" /DEBUG /PDB:"F:\project\cvdemo2\Debug\cvdemo.pdb" /SUBSYSTEM:CONSOLE /TLBID:1 /DYNAMICBASE /NXCOMPAT /IMPLIB:"F:\project\cvdemo2\Debug\cvdemo.lib" /MACHINE:X86 Debug\cvdemo.exe.embed.manifest.res
         Debug\cvdemo.obj
         Debug\loadBMP.obj
         Debug\stdafx.obj
       Manifest:
         C:\Program Files (x86)\Microsoft SDKs\Windows\v7.0A\bin\mt.exe /nologo /verbose /out:"Debug\cvdemo.exe.embed.manifest" /manifest Debug\cvdemo.exe.intermediate.manifest
         所有输出均为最新。
       LinkEmbedManifest:
         所有输出均为最新。
         cvdemo.vcxproj -> F:\project\cvdemo2\Debug\cvdemo.exe
       FinalizeBuildStatus:
         正在删除文件“Debug\cvdemo.unsuccessfulbuild”。
         正在对“Debug\cvdemo.lastbuildstate”执行 Touch 任务。
     1>已完成生成项目“F:\project\cvdemo2\cvdemo\cvdemo.vcxproj”(build 个目标)的操作。

生成成功。

已用时间 00:00:01.00
