C:\Users\Administrator\Desktop\cvdemo2\cvdemo\Debug\cl.command.1.tlog
C:\Users\Administrator\Desktop\cvdemo2\cvdemo\Debug\CL.read.1.tlog
C:\Users\Administrator\Desktop\cvdemo2\cvdemo\Debug\CL.write.1.tlog
C:\USERS\ADMINISTRATOR\DESKTOP\CVDEMO2\CVDEMO\DEBUG\CVDEMO.EXE.EMBED.MANIFEST
C:\USERS\ADMINISTRATOR\DESKTOP\CVDEMO2\CVDEMO\DEBUG\CVDEMO.EXE.EMBED.MANIFEST.RES
C:\USERS\ADMINISTRATOR\DESKTOP\CVDEMO2\CVDEMO\DEBUG\CVDEMO.EXE.INTERMEDIATE.MANIFEST
C:\USERS\ADMINISTRATOR\DESKTOP\CVDEMO2\CVDEMO\DEBUG\CVDEMO.OBJ
C:\USERS\ADMINISTRATOR\DESKTOP\CVDEMO2\CVDEMO\DEBUG\CVDEMO.PCH
C:\Users\Administrator\Desktop\cvdemo2\cvdemo\Debug\cvdemo.write.1.tlog
C:\Users\Administrator\Desktop\cvdemo2\cvdemo\Debug\cvdemo_manifest.rc
C:\Users\Administrator\Desktop\cvdemo2\cvdemo\Debug\link.28288.read.1.tlog
C:\Users\Administrator\Desktop\cvdemo2\cvdemo\Debug\link.28288.write.1.tlog
C:\Users\Administrator\Desktop\cvdemo2\cvdemo\Debug\link.28288-cvtres.read.1.tlog
C:\Users\Administrator\Desktop\cvdemo2\cvdemo\Debug\link.28288-cvtres.write.1.tlog
C:\Users\Administrator\Desktop\cvdemo2\cvdemo\Debug\link.command.1.tlog
C:\Users\Administrator\Desktop\cvdemo2\cvdemo\Debug\link.read.1.tlog
C:\Users\Administrator\Desktop\cvdemo2\cvdemo\Debug\link.write.1.tlog
C:\Users\Administrator\Desktop\cvdemo2\cvdemo\Debug\link-cvtres.read.1.tlog
C:\Users\Administrator\Desktop\cvdemo2\cvdemo\Debug\link-cvtres.write.1.tlog
C:\USERS\ADMINISTRATOR\DESKTOP\CVDEMO2\CVDEMO\DEBUG\LOADBMP.OBJ
C:\Users\Administrator\Desktop\cvdemo2\cvdemo\Debug\mt.command.1.tlog
C:\Users\Administrator\Desktop\cvdemo2\cvdemo\Debug\mt.read.1.tlog
C:\Users\Administrator\Desktop\cvdemo2\cvdemo\Debug\mt.write.1.tlog
C:\Users\Administrator\Desktop\cvdemo2\cvdemo\Debug\rc.command.1.tlog
C:\Users\Administrator\Desktop\cvdemo2\cvdemo\Debug\rc.read.1.tlog
C:\Users\Administrator\Desktop\cvdemo2\cvdemo\Debug\rc.write.1.tlog
C:\USERS\ADMINISTRATOR\DESKTOP\CVDEMO2\CVDEMO\DEBUG\STDAFX.OBJ
C:\Users\Administrator\Desktop\cvdemo2\cvdemo\Debug\vc100.idb
C:\USERS\ADMINISTRATOR\DESKTOP\CVDEMO2\CVDEMO\DEBUG\VC100.PDB
C:\USERS\ADMINISTRATOR\DESKTOP\CVDEMO2\DEBUG\CVDEMO.EXE
C:\USERS\ADMINISTRATOR\DESKTOP\CVDEMO2\DEBUG\CVDEMO.ILK
C:\USERS\ADMINISTRATOR\DESKTOP\CVDEMO2\DEBUG\CVDEMO.PDB
